<?xml version="1.0" encoding="UTF-8" ?>
<testsuite failures="0" time="0.169" errors="0" skipped="0" tests="1" name="com.tsystems.AppTest">
  <properties>
    <property name="java.runtime.name" value="Java(TM) SE Runtime Environment"/>
    <property name="sun.boot.library.path" value="/usr/java/jdk1.7.0_13/jre/lib/i386"/>
    <property name="java.vm.version" value="23.7-b01"/>
    <property name="java.vm.vendor" value="Oracle Corporation"/>
    <property name="java.vendor.url" value="http://java.oracle.com/"/>
    <property name="path.separator" value=":"/>
    <property name="java.vm.name" value="Java HotSpot(TM) Client VM"/>
    <property name="file.encoding.pkg" value="sun.io"/>
    <property name="user.country" value="US"/>
    <property name="sun.java.launcher" value="SUN_STANDARD"/>
    <property name="sun.os.patch.level" value="unknown"/>
    <property name="java.vm.specification.name" value="Java Virtual Machine Specification"/>
    <property name="user.dir" value="/home/alex/Desktop/Project/railway/railwayproject"/>
    <property name="java.runtime.version" value="1.7.0_13-b20"/>
    <property name="java.awt.graphicsenv" value="sun.awt.X11GraphicsEnvironment"/>
    <property name="basedir" value="/home/alex/Desktop/Project/railway/railwayproject"/>
    <property name="java.endorsed.dirs" value="/usr/java/jdk1.7.0_13/jre/lib/endorsed"/>
    <property name="os.arch" value="i386"/>
    <property name="surefire.real.class.path" value="/home/alex/Desktop/Project/railway/railwayproject/target/surefire/surefirebooter7276049908359907157.jar"/>
    <property name="java.io.tmpdir" value="/tmp"/>
    <property name="line.separator" value="
"/>
    <property name="java.vm.specification.vendor" value="Oracle Corporation"/>
    <property name="os.name" value="Linux"/>
    <property name="sun.jnu.encoding" value="UTF-8"/>
    <property name="java.library.path" value="/home/alex/Desktop/idea-IU-123.169/bin::/usr/java/packages/lib/i386:/lib:/usr/lib"/>
    <property name="surefire.test.class.path" value="/home/alex/Desktop/Project/railway/railwayproject/target/test-classes:/home/alex/Desktop/Project/railway/railwayproject/target/classes:/usr/java/jdk1.7.0_13/jre/lib/jfxrt.jar:/home/alex/.m2/repository/mysql/mysql-connector-java/5.1.18/mysql-connector-java-5.1.18.jar:/home/alex/.m2/repository/org/hibernate/hibernate-entitymanager/4.1.9.Final/hibernate-entitymanager-4.1.9.Final.jar:/home/alex/.m2/repository/org/jboss/logging/jboss-logging/3.1.0.GA/jboss-logging-3.1.0.GA.jar:/home/alex/.m2/repository/org/javassist/javassist/3.17.1-GA/javassist-3.17.1-GA.jar:/home/alex/.m2/repository/org/jboss/spec/javax/transaction/jboss-transaction-api_1.1_spec/1.0.0.Final/jboss-transaction-api_1.1_spec-1.0.0.Final.jar:/home/alex/.m2/repository/dom4j/dom4j/1.6.1/dom4j-1.6.1.jar:/home/alex/.m2/repository/org/hibernate/javax/persistence/hibernate-jpa-2.0-api/1.0.1.Final/hibernate-jpa-2.0-api-1.0.1.Final.jar:/home/alex/.m2/repository/org/hibernate/hibernate-core/4.1.9.Final/hibernate-core-4.1.9.Final.jar:/home/alex/.m2/repository/antlr/antlr/2.7.7/antlr-2.7.7.jar:/home/alex/.m2/repository/org/hibernate/common/hibernate-commons-annotations/4.0.1.Final/hibernate-commons-annotations-4.0.1.Final.jar:/home/alex/.m2/repository/org/hibernate/hibernate-validator/4.3.1.Final/hibernate-validator-4.3.1.Final.jar:/home/alex/.m2/repository/javax/validation/validation-api/1.0.0.GA/validation-api-1.0.0.GA.jar:/home/alex/.m2/repository/org/hibernate/hibernate-search/4.2.0.Final/hibernate-search-4.2.0.Final.jar:/home/alex/.m2/repository/org/hibernate/hibernate-search-orm/4.2.0.Final/hibernate-search-orm-4.2.0.Final.jar:/home/alex/.m2/repository/org/hibernate/hibernate-search-engine/4.2.0.Final/hibernate-search-engine-4.2.0.Final.jar:/home/alex/.m2/repository/org/apache/lucene/lucene-core/3.6.2/lucene-core-3.6.2.jar:/home/alex/.m2/repository/org/apache/avro/avro/1.6.3/avro-1.6.3.jar:/home/alex/.m2/repository/org/codehaus/jackson/jackson-core-asl/1.8.8/jackson-core-asl-1.8.8.jar:/home/alex/.m2/repository/org/codehaus/jackson/jackson-mapper-asl/1.8.8/jackson-mapper-asl-1.8.8.jar:/home/alex/.m2/repository/com/thoughtworks/paranamer/paranamer/2.3/paranamer-2.3.jar:/home/alex/.m2/repository/org/xerial/snappy/snappy-java/1.0.4.1/snappy-java-1.0.4.1.jar:/home/alex/.m2/repository/org/apache/lucene/lucene-facet/3.6.2/lucene-facet-3.6.2.jar:/home/alex/.m2/repository/org/hibernate/hibernate-search-analyzers/4.2.0.Final/hibernate-search-analyzers-4.2.0.Final.jar:/home/alex/.m2/repository/org/apache/lucene/lucene-analyzers/3.6.2/lucene-analyzers-3.6.2.jar:/home/alex/.m2/repository/org/apache/solr/solr-analysis-extras/3.6.2/solr-analysis-extras-3.6.2.jar:/home/alex/.m2/repository/org/apache/solr/solr-core/3.6.2/solr-core-3.6.2.jar:/home/alex/.m2/repository/org/apache/solr/solr-solrj/3.6.2/solr-solrj-3.6.2.jar:/home/alex/.m2/repository/org/apache/lucene/lucene-highlighter/3.6.2/lucene-highlighter-3.6.2.jar:/home/alex/.m2/repository/org/apache/lucene/lucene-kuromoji/3.6.2/lucene-kuromoji-3.6.2.jar:/home/alex/.m2/repository/org/apache/lucene/lucene-memory/3.6.2/lucene-memory-3.6.2.jar:/home/alex/.m2/repository/org/apache/lucene/lucene-misc/3.6.2/lucene-misc-3.6.2.jar:/home/alex/.m2/repository/org/apache/lucene/lucene-phonetic/3.6.2/lucene-phonetic-3.6.2.jar:/home/alex/.m2/repository/org/apache/lucene/lucene-spatial/3.6.2/lucene-spatial-3.6.2.jar:/home/alex/.m2/repository/org/apache/lucene/lucene-spellchecker/3.6.2/lucene-spellchecker-3.6.2.jar:/home/alex/.m2/repository/org/apache/lucene/lucene-grouping/3.6.2/lucene-grouping-3.6.2.jar:/home/alex/.m2/repository/commons-codec/commons-codec/1.6/commons-codec-1.6.jar:/home/alex/.m2/repository/commons-io/commons-io/2.1/commons-io-2.1.jar:/home/alex/.m2/repository/com/google/guava/guava/r05/guava-r05.jar:/home/alex/.m2/repository/org/apache/lucene/lucene-smartcn/3.6.2/lucene-smartcn-3.6.2.jar:/home/alex/.m2/repository/org/apache/lucene/lucene-stempel/3.6.2/lucene-stempel-3.6.2.jar:/home/alex/.m2/repository/junit/junit/3.8.1/junit-3.8.1.jar:/home/alex/.m2/repository/com/miglayout/miglayout-javafx/4.2/miglayout-javafx-4.2.jar:/home/alex/.m2/repository/com/miglayout/miglayout-core/4.2/miglayout-core-4.2.jar:/home/alex/.m2/repository/commons-lang/commons-lang/2.6/commons-lang-2.6.jar:/home/alex/.m2/repository/org/slf4j/slf4j-api/1.6.1/slf4j-api-1.6.1.jar:/home/alex/.m2/repository/org/slf4j/jcl-over-slf4j/1.6.1/jcl-over-slf4j-1.6.1.jar:/home/alex/.m2/repository/org/slf4j/slf4j-log4j12/1.6.1/slf4j-log4j12-1.6.1.jar:/home/alex/.m2/repository/log4j/log4j/1.2.16/log4j-1.2.16.jar:"/>
    <property name="java.specification.name" value="Java Platform API Specification"/>
    <property name="java.class.version" value="51.0"/>
    <property name="sun.management.compiler" value="HotSpot Client Compiler"/>
    <property name="os.version" value="3.4.4-4.fc16.i686"/>
    <property name="user.home" value="/home/alex"/>
    <property name="user.timezone" value=""/>
    <property name="java.awt.printerjob" value="sun.print.PSPrinterJob"/>
    <property name="file.encoding" value="UTF-8"/>
    <property name="java.specification.version" value="1.7"/>
    <property name="user.name" value="alex"/>
    <property name="java.class.path" value="/home/alex/Desktop/Project/railway/railwayproject/target/test-classes:/home/alex/Desktop/Project/railway/railwayproject/target/classes:/usr/java/jdk1.7.0_13/jre/lib/jfxrt.jar:/home/alex/.m2/repository/mysql/mysql-connector-java/5.1.18/mysql-connector-java-5.1.18.jar:/home/alex/.m2/repository/org/hibernate/hibernate-entitymanager/4.1.9.Final/hibernate-entitymanager-4.1.9.Final.jar:/home/alex/.m2/repository/org/jboss/logging/jboss-logging/3.1.0.GA/jboss-logging-3.1.0.GA.jar:/home/alex/.m2/repository/org/javassist/javassist/3.17.1-GA/javassist-3.17.1-GA.jar:/home/alex/.m2/repository/org/jboss/spec/javax/transaction/jboss-transaction-api_1.1_spec/1.0.0.Final/jboss-transaction-api_1.1_spec-1.0.0.Final.jar:/home/alex/.m2/repository/dom4j/dom4j/1.6.1/dom4j-1.6.1.jar:/home/alex/.m2/repository/org/hibernate/javax/persistence/hibernate-jpa-2.0-api/1.0.1.Final/hibernate-jpa-2.0-api-1.0.1.Final.jar:/home/alex/.m2/repository/org/hibernate/hibernate-core/4.1.9.Final/hibernate-core-4.1.9.Final.jar:/home/alex/.m2/repository/antlr/antlr/2.7.7/antlr-2.7.7.jar:/home/alex/.m2/repository/org/hibernate/common/hibernate-commons-annotations/4.0.1.Final/hibernate-commons-annotations-4.0.1.Final.jar:/home/alex/.m2/repository/org/hibernate/hibernate-validator/4.3.1.Final/hibernate-validator-4.3.1.Final.jar:/home/alex/.m2/repository/javax/validation/validation-api/1.0.0.GA/validation-api-1.0.0.GA.jar:/home/alex/.m2/repository/org/hibernate/hibernate-search/4.2.0.Final/hibernate-search-4.2.0.Final.jar:/home/alex/.m2/repository/org/hibernate/hibernate-search-orm/4.2.0.Final/hibernate-search-orm-4.2.0.Final.jar:/home/alex/.m2/repository/org/hibernate/hibernate-search-engine/4.2.0.Final/hibernate-search-engine-4.2.0.Final.jar:/home/alex/.m2/repository/org/apache/lucene/lucene-core/3.6.2/lucene-core-3.6.2.jar:/home/alex/.m2/repository/org/apache/avro/avro/1.6.3/avro-1.6.3.jar:/home/alex/.m2/repository/org/codehaus/jackson/jackson-core-asl/1.8.8/jackson-core-asl-1.8.8.jar:/home/alex/.m2/repository/org/codehaus/jackson/jackson-mapper-asl/1.8.8/jackson-mapper-asl-1.8.8.jar:/home/alex/.m2/repository/com/thoughtworks/paranamer/paranamer/2.3/paranamer-2.3.jar:/home/alex/.m2/repository/org/xerial/snappy/snappy-java/1.0.4.1/snappy-java-1.0.4.1.jar:/home/alex/.m2/repository/org/apache/lucene/lucene-facet/3.6.2/lucene-facet-3.6.2.jar:/home/alex/.m2/repository/org/hibernate/hibernate-search-analyzers/4.2.0.Final/hibernate-search-analyzers-4.2.0.Final.jar:/home/alex/.m2/repository/org/apache/lucene/lucene-analyzers/3.6.2/lucene-analyzers-3.6.2.jar:/home/alex/.m2/repository/org/apache/solr/solr-analysis-extras/3.6.2/solr-analysis-extras-3.6.2.jar:/home/alex/.m2/repository/org/apache/solr/solr-core/3.6.2/solr-core-3.6.2.jar:/home/alex/.m2/repository/org/apache/solr/solr-solrj/3.6.2/solr-solrj-3.6.2.jar:/home/alex/.m2/repository/org/apache/lucene/lucene-highlighter/3.6.2/lucene-highlighter-3.6.2.jar:/home/alex/.m2/repository/org/apache/lucene/lucene-kuromoji/3.6.2/lucene-kuromoji-3.6.2.jar:/home/alex/.m2/repository/org/apache/lucene/lucene-memory/3.6.2/lucene-memory-3.6.2.jar:/home/alex/.m2/repository/org/apache/lucene/lucene-misc/3.6.2/lucene-misc-3.6.2.jar:/home/alex/.m2/repository/org/apache/lucene/lucene-phonetic/3.6.2/lucene-phonetic-3.6.2.jar:/home/alex/.m2/repository/org/apache/lucene/lucene-spatial/3.6.2/lucene-spatial-3.6.2.jar:/home/alex/.m2/repository/org/apache/lucene/lucene-spellchecker/3.6.2/lucene-spellchecker-3.6.2.jar:/home/alex/.m2/repository/org/apache/lucene/lucene-grouping/3.6.2/lucene-grouping-3.6.2.jar:/home/alex/.m2/repository/commons-codec/commons-codec/1.6/commons-codec-1.6.jar:/home/alex/.m2/repository/commons-io/commons-io/2.1/commons-io-2.1.jar:/home/alex/.m2/repository/com/google/guava/guava/r05/guava-r05.jar:/home/alex/.m2/repository/org/apache/lucene/lucene-smartcn/3.6.2/lucene-smartcn-3.6.2.jar:/home/alex/.m2/repository/org/apache/lucene/lucene-stempel/3.6.2/lucene-stempel-3.6.2.jar:/home/alex/.m2/repository/junit/junit/3.8.1/junit-3.8.1.jar:/home/alex/.m2/repository/com/miglayout/miglayout-javafx/4.2/miglayout-javafx-4.2.jar:/home/alex/.m2/repository/com/miglayout/miglayout-core/4.2/miglayout-core-4.2.jar:/home/alex/.m2/repository/commons-lang/commons-lang/2.6/commons-lang-2.6.jar:/home/alex/.m2/repository/org/slf4j/slf4j-api/1.6.1/slf4j-api-1.6.1.jar:/home/alex/.m2/repository/org/slf4j/jcl-over-slf4j/1.6.1/jcl-over-slf4j-1.6.1.jar:/home/alex/.m2/repository/org/slf4j/slf4j-log4j12/1.6.1/slf4j-log4j12-1.6.1.jar:/home/alex/.m2/repository/log4j/log4j/1.2.16/log4j-1.2.16.jar:"/>
    <property name="java.vm.specification.version" value="1.7"/>
    <property name="sun.arch.data.model" value="32"/>
    <property name="java.home" value="/usr/java/jdk1.7.0_13/jre"/>
    <property name="sun.java.command" value="/home/alex/Desktop/Project/railway/railwayproject/target/surefire/surefirebooter7276049908359907157.jar /home/alex/Desktop/Project/railway/railwayproject/target/surefire/surefire2921726666789921773tmp /home/alex/Desktop/Project/railway/railwayproject/target/surefire/surefire8264903174493900039tmp"/>
    <property name="java.specification.vendor" value="Oracle Corporation"/>
    <property name="user.language" value="en"/>
    <property name="awt.toolkit" value="sun.awt.X11.XToolkit"/>
    <property name="java.vm.info" value="mixed mode, sharing"/>
    <property name="java.version" value="1.7.0_13"/>
    <property name="java.ext.dirs" value="/usr/java/jdk1.7.0_13/jre/lib/ext:/usr/java/packages/lib/ext"/>
    <property name="sun.boot.class.path" value="/usr/java/jdk1.7.0_13/jre/lib/resources.jar:/usr/java/jdk1.7.0_13/jre/lib/rt.jar:/usr/java/jdk1.7.0_13/jre/lib/sunrsasign.jar:/usr/java/jdk1.7.0_13/jre/lib/jsse.jar:/usr/java/jdk1.7.0_13/jre/lib/jce.jar:/usr/java/jdk1.7.0_13/jre/lib/charsets.jar:/usr/java/jdk1.7.0_13/jre/lib/jfr.jar:/usr/java/jdk1.7.0_13/jre/classes"/>
    <property name="java.vendor" value="Oracle Corporation"/>
    <property name="localRepository" value="/home/alex/.m2/repository"/>
    <property name="file.separator" value="/"/>
    <property name="java.vendor.url.bug" value="http://bugreport.sun.com/bugreport/"/>
    <property name="sun.cpu.endian" value="little"/>
    <property name="sun.io.unicode.encoding" value="UnicodeLittle"/>
    <property name="sun.cpu.isalist" value=""/>
  </properties>
  <testcase time="0.007" classname="com.tsystems.AppTest" name="testApp"/>
</testsuite>