<?xml version="1.0" encoding="UTF-8" ?>
<testsuite failures="0" time="0.105" errors="0" skipped="0" tests="1" name="com.tsystems.AppTest">
  <properties>
    <property name="java.runtime.name" value="Java(TM) SE Runtime Environment"/>
    <property name="sun.boot.library.path" value="/usr/java/jdk1.7.0_07/jre/lib/i386"/>
    <property name="java.vm.version" value="23.3-b01"/>
    <property name="java.vm.vendor" value="Oracle Corporation"/>
    <property name="java.vendor.url" value="http://java.oracle.com/"/>
    <property name="path.separator" value=":"/>
    <property name="java.vm.name" value="Java HotSpot(TM) Client VM"/>
    <property name="file.encoding.pkg" value="sun.io"/>
    <property name="user.country" value="US"/>
    <property name="sun.java.launcher" value="SUN_STANDARD"/>
    <property name="sun.os.patch.level" value="unknown"/>
    <property name="java.vm.specification.name" value="Java Virtual Machine Specification"/>
    <property name="user.dir" value="/home/alex/Desktop/Project/railway/railwayproject"/>
    <property name="java.runtime.version" value="1.7.0_07-b10"/>
    <property name="java.awt.graphicsenv" value="sun.awt.X11GraphicsEnvironment"/>
    <property name="basedir" value="/home/alex/Desktop/Project/railway/railwayproject"/>
    <property name="java.endorsed.dirs" value="/usr/java/jdk1.7.0_07/jre/lib/endorsed"/>
    <property name="os.arch" value="i386"/>
    <property name="surefire.real.class.path" value="/home/alex/Desktop/Project/railway/railwayproject/target/surefire/surefirebooter3405271788052056631.jar"/>
    <property name="java.io.tmpdir" value="/tmp"/>
    <property name="line.separator" value="
"/>
    <property name="java.vm.specification.vendor" value="Oracle Corporation"/>
    <property name="os.name" value="Linux"/>
    <property name="sun.jnu.encoding" value="UTF-8"/>
    <property name="java.library.path" value=".::/usr/java/packages/lib/i386:/lib:/usr/lib"/>
    <property name="surefire.test.class.path" value="/home/alex/Desktop/Project/railway/railwayproject/target/test-classes:/home/alex/Desktop/Project/railway/railwayproject/target/classes:/home/alex/.m2/repository/junit/junit/3.8.1/junit-3.8.1.jar:"/>
    <property name="java.specification.name" value="Java Platform API Specification"/>
    <property name="java.class.version" value="51.0"/>
    <property name="sun.management.compiler" value="HotSpot Client Compiler"/>
    <property name="os.version" value="3.4.4-4.fc16.i686"/>
    <property name="user.home" value="/home/alex"/>
    <property name="user.timezone" value=""/>
    <property name="java.awt.printerjob" value="sun.print.PSPrinterJob"/>
    <property name="file.encoding" value="UTF-8"/>
    <property name="java.specification.version" value="1.7"/>
    <property name="user.name" value="alex"/>
    <property name="java.class.path" value="/home/alex/Desktop/Project/railway/railwayproject/target/test-classes:/home/alex/Desktop/Project/railway/railwayproject/target/classes:/home/alex/.m2/repository/junit/junit/3.8.1/junit-3.8.1.jar:"/>
    <property name="java.vm.specification.version" value="1.7"/>
    <property name="sun.arch.data.model" value="32"/>
    <property name="java.home" value="/usr/java/jdk1.7.0_07/jre"/>
    <property name="sun.java.command" value="/home/alex/Desktop/Project/railway/railwayproject/target/surefire/surefirebooter3405271788052056631.jar /home/alex/Desktop/Project/railway/railwayproject/target/surefire/surefire6130467999608194666tmp /home/alex/Desktop/Project/railway/railwayproject/target/surefire/surefire4463484508083910189tmp"/>
    <property name="java.specification.vendor" value="Oracle Corporation"/>
    <property name="user.language" value="en"/>
    <property name="awt.toolkit" value="sun.awt.X11.XToolkit"/>
    <property name="java.vm.info" value="mixed mode, sharing"/>
    <property name="java.version" value="1.7.0_07"/>
    <property name="java.ext.dirs" value="/usr/java/jdk1.7.0_07/jre/lib/ext:/usr/java/packages/lib/ext"/>
    <property name="sun.boot.class.path" value="/usr/java/jdk1.7.0_07/jre/lib/resources.jar:/usr/java/jdk1.7.0_07/jre/lib/rt.jar:/usr/java/jdk1.7.0_07/jre/lib/sunrsasign.jar:/usr/java/jdk1.7.0_07/jre/lib/jsse.jar:/usr/java/jdk1.7.0_07/jre/lib/jce.jar:/usr/java/jdk1.7.0_07/jre/lib/charsets.jar:/usr/java/jdk1.7.0_07/jre/lib/jfr.jar:/usr/java/jdk1.7.0_07/jre/classes"/>
    <property name="java.vendor" value="Oracle Corporation"/>
    <property name="localRepository" value="/home/alex/.m2/repository"/>
    <property name="file.separator" value="/"/>
    <property name="java.vendor.url.bug" value="http://bugreport.sun.com/bugreport/"/>
    <property name="sun.cpu.endian" value="little"/>
    <property name="sun.io.unicode.encoding" value="UnicodeLittle"/>
    <property name="sun.cpu.isalist" value=""/>
  </properties>
  <testcase time="0.005" classname="com.tsystems.AppTest" name="testApp"/>
</testsuite>